INFO - 2018-12-04 10:33:28 --> Config Class Initialized
INFO - 2018-12-04 10:33:28 --> Hooks Class Initialized
DEBUG - 2018-12-04 10:33:28 --> UTF-8 Support Enabled
INFO - 2018-12-04 10:33:28 --> Utf8 Class Initialized
INFO - 2018-12-04 10:33:28 --> URI Class Initialized
INFO - 2018-12-04 10:33:28 --> Router Class Initialized
INFO - 2018-12-04 10:33:28 --> Output Class Initialized
INFO - 2018-12-04 10:33:28 --> Security Class Initialized
DEBUG - 2018-12-04 10:33:28 --> Global POST, GET and COOKIE data sanitized
INFO - 2018-12-04 10:33:28 --> Input Class Initialized
INFO - 2018-12-04 10:33:28 --> Language Class Initialized
ERROR - 2018-12-04 10:33:28 --> 404 Page Not Found: /index
INFO - 2018-12-04 17:04:18 --> Config Class Initialized
INFO - 2018-12-04 17:04:18 --> Hooks Class Initialized
DEBUG - 2018-12-04 17:04:18 --> UTF-8 Support Enabled
INFO - 2018-12-04 17:04:18 --> Utf8 Class Initialized
INFO - 2018-12-04 17:04:18 --> URI Class Initialized
INFO - 2018-12-04 17:04:18 --> Router Class Initialized
INFO - 2018-12-04 17:04:18 --> Output Class Initialized
INFO - 2018-12-04 17:04:18 --> Security Class Initialized
DEBUG - 2018-12-04 17:04:18 --> Global POST, GET and COOKIE data sanitized
INFO - 2018-12-04 17:04:18 --> Input Class Initialized
INFO - 2018-12-04 17:04:18 --> Language Class Initialized
ERROR - 2018-12-04 17:04:18 --> 404 Page Not Found: /index
