INFO - 2018-12-17 16:13:04 --> Config Class Initialized
INFO - 2018-12-17 16:13:04 --> Hooks Class Initialized
DEBUG - 2018-12-17 16:13:04 --> UTF-8 Support Enabled
INFO - 2018-12-17 16:13:04 --> Utf8 Class Initialized
INFO - 2018-12-17 16:13:04 --> URI Class Initialized
INFO - 2018-12-17 16:13:04 --> Router Class Initialized
INFO - 2018-12-17 16:13:04 --> Output Class Initialized
INFO - 2018-12-17 16:13:04 --> Security Class Initialized
DEBUG - 2018-12-17 16:13:04 --> Global POST, GET and COOKIE data sanitized
INFO - 2018-12-17 16:13:04 --> Input Class Initialized
INFO - 2018-12-17 16:13:04 --> Language Class Initialized
ERROR - 2018-12-17 16:13:04 --> 404 Page Not Found: /index
INFO - 2018-12-17 18:51:31 --> Config Class Initialized
INFO - 2018-12-17 18:51:31 --> Hooks Class Initialized
DEBUG - 2018-12-17 18:51:31 --> UTF-8 Support Enabled
INFO - 2018-12-17 18:51:31 --> Utf8 Class Initialized
INFO - 2018-12-17 18:51:31 --> URI Class Initialized
INFO - 2018-12-17 18:51:31 --> Router Class Initialized
INFO - 2018-12-17 18:51:31 --> Output Class Initialized
INFO - 2018-12-17 18:51:31 --> Security Class Initialized
DEBUG - 2018-12-17 18:51:31 --> Global POST, GET and COOKIE data sanitized
INFO - 2018-12-17 18:51:31 --> Input Class Initialized
INFO - 2018-12-17 18:51:31 --> Language Class Initialized
ERROR - 2018-12-17 18:51:31 --> 404 Page Not Found: /index
