INFO - 2019-01-30 00:39:12 --> Config Class Initialized
INFO - 2019-01-30 00:39:12 --> Hooks Class Initialized
DEBUG - 2019-01-30 00:39:12 --> UTF-8 Support Enabled
INFO - 2019-01-30 00:39:12 --> Utf8 Class Initialized
INFO - 2019-01-30 00:39:12 --> URI Class Initialized
INFO - 2019-01-30 00:39:12 --> Router Class Initialized
INFO - 2019-01-30 00:39:12 --> Output Class Initialized
INFO - 2019-01-30 00:39:12 --> Security Class Initialized
DEBUG - 2019-01-30 00:39:12 --> Global POST, GET and COOKIE data sanitized
INFO - 2019-01-30 00:39:12 --> Input Class Initialized
INFO - 2019-01-30 00:39:12 --> Language Class Initialized
ERROR - 2019-01-30 00:39:12 --> 404 Page Not Found: /index
INFO - 2019-01-30 01:18:23 --> Config Class Initialized
INFO - 2019-01-30 01:18:23 --> Hooks Class Initialized
DEBUG - 2019-01-30 01:18:23 --> UTF-8 Support Enabled
INFO - 2019-01-30 01:18:23 --> Utf8 Class Initialized
INFO - 2019-01-30 01:18:23 --> URI Class Initialized
INFO - 2019-01-30 01:18:23 --> Router Class Initialized
INFO - 2019-01-30 01:18:23 --> Output Class Initialized
INFO - 2019-01-30 01:18:23 --> Security Class Initialized
DEBUG - 2019-01-30 01:18:23 --> Global POST, GET and COOKIE data sanitized
INFO - 2019-01-30 01:18:23 --> Input Class Initialized
INFO - 2019-01-30 01:18:23 --> Language Class Initialized
ERROR - 2019-01-30 01:18:23 --> 404 Page Not Found: /index
INFO - 2019-01-30 01:46:26 --> Config Class Initialized
INFO - 2019-01-30 01:46:26 --> Hooks Class Initialized
DEBUG - 2019-01-30 01:46:26 --> UTF-8 Support Enabled
INFO - 2019-01-30 01:46:26 --> Utf8 Class Initialized
INFO - 2019-01-30 01:46:26 --> URI Class Initialized
INFO - 2019-01-30 01:46:26 --> Router Class Initialized
INFO - 2019-01-30 01:46:26 --> Output Class Initialized
INFO - 2019-01-30 01:46:26 --> Security Class Initialized
DEBUG - 2019-01-30 01:46:26 --> Global POST, GET and COOKIE data sanitized
INFO - 2019-01-30 01:46:26 --> Input Class Initialized
INFO - 2019-01-30 01:46:26 --> Language Class Initialized
ERROR - 2019-01-30 01:46:26 --> 404 Page Not Found: /index
INFO - 2019-01-30 09:43:27 --> Config Class Initialized
INFO - 2019-01-30 09:43:27 --> Hooks Class Initialized
DEBUG - 2019-01-30 09:43:27 --> UTF-8 Support Enabled
INFO - 2019-01-30 09:43:27 --> Utf8 Class Initialized
INFO - 2019-01-30 09:43:27 --> URI Class Initialized
INFO - 2019-01-30 09:43:27 --> Router Class Initialized
INFO - 2019-01-30 09:43:27 --> Output Class Initialized
INFO - 2019-01-30 09:43:27 --> Security Class Initialized
DEBUG - 2019-01-30 09:43:27 --> Global POST, GET and COOKIE data sanitized
INFO - 2019-01-30 09:43:27 --> Input Class Initialized
INFO - 2019-01-30 09:43:27 --> Language Class Initialized
ERROR - 2019-01-30 09:43:27 --> 404 Page Not Found: /index
INFO - 2019-01-30 11:31:59 --> Config Class Initialized
INFO - 2019-01-30 11:31:59 --> Hooks Class Initialized
DEBUG - 2019-01-30 11:31:59 --> UTF-8 Support Enabled
INFO - 2019-01-30 11:31:59 --> Utf8 Class Initialized
INFO - 2019-01-30 11:31:59 --> URI Class Initialized
INFO - 2019-01-30 11:31:59 --> Router Class Initialized
INFO - 2019-01-30 11:31:59 --> Output Class Initialized
INFO - 2019-01-30 11:31:59 --> Security Class Initialized
DEBUG - 2019-01-30 11:31:59 --> Global POST, GET and COOKIE data sanitized
INFO - 2019-01-30 11:31:59 --> Input Class Initialized
INFO - 2019-01-30 11:31:59 --> Language Class Initialized
ERROR - 2019-01-30 11:31:59 --> 404 Page Not Found: /index
INFO - 2019-01-30 14:53:46 --> Config Class Initialized
INFO - 2019-01-30 14:53:46 --> Hooks Class Initialized
DEBUG - 2019-01-30 14:53:46 --> UTF-8 Support Enabled
INFO - 2019-01-30 14:53:46 --> Utf8 Class Initialized
INFO - 2019-01-30 14:53:46 --> URI Class Initialized
INFO - 2019-01-30 14:53:46 --> Router Class Initialized
INFO - 2019-01-30 14:53:46 --> Output Class Initialized
INFO - 2019-01-30 14:53:46 --> Security Class Initialized
DEBUG - 2019-01-30 14:53:46 --> Global POST, GET and COOKIE data sanitized
INFO - 2019-01-30 14:53:46 --> Input Class Initialized
INFO - 2019-01-30 14:53:46 --> Language Class Initialized
ERROR - 2019-01-30 14:53:46 --> 404 Page Not Found: /index
