INFO - 2018-12-29 03:10:36 --> Config Class Initialized
INFO - 2018-12-29 03:10:36 --> Hooks Class Initialized
DEBUG - 2018-12-29 03:10:36 --> UTF-8 Support Enabled
INFO - 2018-12-29 03:10:36 --> Utf8 Class Initialized
INFO - 2018-12-29 03:10:36 --> URI Class Initialized
INFO - 2018-12-29 03:10:36 --> Router Class Initialized
INFO - 2018-12-29 03:10:36 --> Output Class Initialized
INFO - 2018-12-29 03:10:36 --> Security Class Initialized
DEBUG - 2018-12-29 03:10:36 --> Global POST, GET and COOKIE data sanitized
INFO - 2018-12-29 03:10:36 --> Input Class Initialized
INFO - 2018-12-29 03:10:36 --> Language Class Initialized
ERROR - 2018-12-29 03:10:36 --> 404 Page Not Found: /index
INFO - 2018-12-29 06:51:49 --> Config Class Initialized
INFO - 2018-12-29 06:51:49 --> Hooks Class Initialized
DEBUG - 2018-12-29 06:51:49 --> UTF-8 Support Enabled
INFO - 2018-12-29 06:51:49 --> Utf8 Class Initialized
INFO - 2018-12-29 06:51:49 --> URI Class Initialized
INFO - 2018-12-29 06:51:49 --> Router Class Initialized
INFO - 2018-12-29 06:51:49 --> Output Class Initialized
INFO - 2018-12-29 06:51:49 --> Security Class Initialized
DEBUG - 2018-12-29 06:51:49 --> Global POST, GET and COOKIE data sanitized
INFO - 2018-12-29 06:51:49 --> Input Class Initialized
INFO - 2018-12-29 06:51:49 --> Language Class Initialized
ERROR - 2018-12-29 06:51:49 --> 404 Page Not Found: /index
INFO - 2018-12-29 07:14:28 --> Config Class Initialized
INFO - 2018-12-29 07:14:28 --> Hooks Class Initialized
DEBUG - 2018-12-29 07:14:28 --> UTF-8 Support Enabled
INFO - 2018-12-29 07:14:28 --> Utf8 Class Initialized
INFO - 2018-12-29 07:14:28 --> URI Class Initialized
INFO - 2018-12-29 07:14:28 --> Router Class Initialized
INFO - 2018-12-29 07:14:28 --> Output Class Initialized
INFO - 2018-12-29 07:14:28 --> Security Class Initialized
DEBUG - 2018-12-29 07:14:28 --> Global POST, GET and COOKIE data sanitized
INFO - 2018-12-29 07:14:28 --> Input Class Initialized
INFO - 2018-12-29 07:14:28 --> Language Class Initialized
ERROR - 2018-12-29 07:14:28 --> 404 Page Not Found: /index
INFO - 2018-12-29 07:58:40 --> Config Class Initialized
INFO - 2018-12-29 07:58:40 --> Hooks Class Initialized
DEBUG - 2018-12-29 07:58:40 --> UTF-8 Support Enabled
INFO - 2018-12-29 07:58:40 --> Utf8 Class Initialized
INFO - 2018-12-29 07:58:40 --> URI Class Initialized
INFO - 2018-12-29 07:58:40 --> Router Class Initialized
INFO - 2018-12-29 07:58:40 --> Output Class Initialized
INFO - 2018-12-29 07:58:40 --> Security Class Initialized
DEBUG - 2018-12-29 07:58:40 --> Global POST, GET and COOKIE data sanitized
INFO - 2018-12-29 07:58:40 --> Input Class Initialized
INFO - 2018-12-29 07:58:40 --> Language Class Initialized
ERROR - 2018-12-29 07:58:40 --> 404 Page Not Found: /index
