INFO - 2018-12-26 03:42:04 --> Config Class Initialized
INFO - 2018-12-26 03:42:04 --> Hooks Class Initialized
DEBUG - 2018-12-26 03:42:04 --> UTF-8 Support Enabled
INFO - 2018-12-26 03:42:04 --> Utf8 Class Initialized
INFO - 2018-12-26 03:42:04 --> URI Class Initialized
INFO - 2018-12-26 03:42:04 --> Router Class Initialized
INFO - 2018-12-26 03:42:04 --> Output Class Initialized
INFO - 2018-12-26 03:42:04 --> Security Class Initialized
DEBUG - 2018-12-26 03:42:04 --> Global POST, GET and COOKIE data sanitized
INFO - 2018-12-26 03:42:04 --> Input Class Initialized
INFO - 2018-12-26 03:42:04 --> Language Class Initialized
ERROR - 2018-12-26 03:42:04 --> 404 Page Not Found: /index
INFO - 2018-12-26 04:23:43 --> Config Class Initialized
INFO - 2018-12-26 04:23:43 --> Hooks Class Initialized
DEBUG - 2018-12-26 04:23:43 --> UTF-8 Support Enabled
INFO - 2018-12-26 04:23:43 --> Utf8 Class Initialized
INFO - 2018-12-26 04:23:43 --> URI Class Initialized
INFO - 2018-12-26 04:23:43 --> Router Class Initialized
INFO - 2018-12-26 04:23:43 --> Output Class Initialized
INFO - 2018-12-26 04:23:43 --> Security Class Initialized
DEBUG - 2018-12-26 04:23:43 --> Global POST, GET and COOKIE data sanitized
INFO - 2018-12-26 04:23:43 --> Input Class Initialized
INFO - 2018-12-26 04:23:43 --> Language Class Initialized
ERROR - 2018-12-26 04:23:43 --> 404 Page Not Found: /index
INFO - 2018-12-26 20:03:34 --> Config Class Initialized
INFO - 2018-12-26 20:03:34 --> Hooks Class Initialized
DEBUG - 2018-12-26 20:03:34 --> UTF-8 Support Enabled
INFO - 2018-12-26 20:03:34 --> Utf8 Class Initialized
INFO - 2018-12-26 20:03:34 --> URI Class Initialized
INFO - 2018-12-26 20:03:34 --> Router Class Initialized
INFO - 2018-12-26 20:03:34 --> Output Class Initialized
INFO - 2018-12-26 20:03:34 --> Security Class Initialized
DEBUG - 2018-12-26 20:03:34 --> Global POST, GET and COOKIE data sanitized
INFO - 2018-12-26 20:03:34 --> Input Class Initialized
INFO - 2018-12-26 20:03:34 --> Language Class Initialized
ERROR - 2018-12-26 20:03:34 --> 404 Page Not Found: /index
