INFO - 2018-12-06 17:41:59 --> Config Class Initialized
INFO - 2018-12-06 17:41:59 --> Hooks Class Initialized
DEBUG - 2018-12-06 17:41:59 --> UTF-8 Support Enabled
INFO - 2018-12-06 17:41:59 --> Utf8 Class Initialized
INFO - 2018-12-06 17:41:59 --> URI Class Initialized
INFO - 2018-12-06 17:41:59 --> Router Class Initialized
INFO - 2018-12-06 17:41:59 --> Output Class Initialized
INFO - 2018-12-06 17:41:59 --> Security Class Initialized
DEBUG - 2018-12-06 17:41:59 --> Global POST, GET and COOKIE data sanitized
INFO - 2018-12-06 17:41:59 --> Input Class Initialized
INFO - 2018-12-06 17:41:59 --> Language Class Initialized
ERROR - 2018-12-06 17:41:59 --> 404 Page Not Found: /index
INFO - 2018-12-06 22:03:21 --> Config Class Initialized
INFO - 2018-12-06 22:03:21 --> Hooks Class Initialized
DEBUG - 2018-12-06 22:03:21 --> UTF-8 Support Enabled
INFO - 2018-12-06 22:03:21 --> Utf8 Class Initialized
INFO - 2018-12-06 22:03:21 --> URI Class Initialized
INFO - 2018-12-06 22:03:21 --> Router Class Initialized
INFO - 2018-12-06 22:03:21 --> Output Class Initialized
INFO - 2018-12-06 22:03:21 --> Security Class Initialized
DEBUG - 2018-12-06 22:03:21 --> Global POST, GET and COOKIE data sanitized
INFO - 2018-12-06 22:03:21 --> Input Class Initialized
INFO - 2018-12-06 22:03:21 --> Language Class Initialized
ERROR - 2018-12-06 22:03:21 --> 404 Page Not Found: /index
