INFO - 2019-01-08 00:05:22 --> Config Class Initialized
INFO - 2019-01-08 00:05:22 --> Hooks Class Initialized
DEBUG - 2019-01-08 00:05:22 --> UTF-8 Support Enabled
INFO - 2019-01-08 00:05:22 --> Utf8 Class Initialized
INFO - 2019-01-08 00:05:22 --> URI Class Initialized
INFO - 2019-01-08 00:05:22 --> Router Class Initialized
INFO - 2019-01-08 00:05:22 --> Output Class Initialized
INFO - 2019-01-08 00:05:22 --> Security Class Initialized
DEBUG - 2019-01-08 00:05:22 --> Global POST, GET and COOKIE data sanitized
INFO - 2019-01-08 00:05:22 --> Input Class Initialized
INFO - 2019-01-08 00:05:22 --> Language Class Initialized
ERROR - 2019-01-08 00:05:22 --> 404 Page Not Found: /index
INFO - 2019-01-08 00:12:23 --> Config Class Initialized
INFO - 2019-01-08 00:12:23 --> Hooks Class Initialized
DEBUG - 2019-01-08 00:12:23 --> UTF-8 Support Enabled
INFO - 2019-01-08 00:12:23 --> Utf8 Class Initialized
INFO - 2019-01-08 00:12:23 --> URI Class Initialized
INFO - 2019-01-08 00:12:23 --> Router Class Initialized
INFO - 2019-01-08 00:12:23 --> Output Class Initialized
INFO - 2019-01-08 00:12:23 --> Security Class Initialized
DEBUG - 2019-01-08 00:12:23 --> Global POST, GET and COOKIE data sanitized
INFO - 2019-01-08 00:12:23 --> Input Class Initialized
INFO - 2019-01-08 00:12:23 --> Language Class Initialized
ERROR - 2019-01-08 00:12:23 --> 404 Page Not Found: /index
INFO - 2019-01-08 03:04:55 --> Config Class Initialized
INFO - 2019-01-08 03:04:55 --> Hooks Class Initialized
DEBUG - 2019-01-08 03:04:55 --> UTF-8 Support Enabled
INFO - 2019-01-08 03:04:55 --> Utf8 Class Initialized
INFO - 2019-01-08 03:04:55 --> URI Class Initialized
INFO - 2019-01-08 03:04:55 --> Router Class Initialized
INFO - 2019-01-08 03:04:55 --> Output Class Initialized
INFO - 2019-01-08 03:04:55 --> Security Class Initialized
DEBUG - 2019-01-08 03:04:55 --> Global POST, GET and COOKIE data sanitized
INFO - 2019-01-08 03:04:55 --> Input Class Initialized
INFO - 2019-01-08 03:04:55 --> Language Class Initialized
ERROR - 2019-01-08 03:04:55 --> 404 Page Not Found: /index
INFO - 2019-01-08 09:13:21 --> Config Class Initialized
INFO - 2019-01-08 09:13:21 --> Hooks Class Initialized
DEBUG - 2019-01-08 09:13:21 --> UTF-8 Support Enabled
INFO - 2019-01-08 09:13:21 --> Utf8 Class Initialized
INFO - 2019-01-08 09:13:21 --> URI Class Initialized
INFO - 2019-01-08 09:13:21 --> Router Class Initialized
INFO - 2019-01-08 09:13:21 --> Output Class Initialized
INFO - 2019-01-08 09:13:21 --> Security Class Initialized
DEBUG - 2019-01-08 09:13:21 --> Global POST, GET and COOKIE data sanitized
INFO - 2019-01-08 09:13:21 --> Input Class Initialized
INFO - 2019-01-08 09:13:21 --> Language Class Initialized
ERROR - 2019-01-08 09:13:21 --> 404 Page Not Found: /index
INFO - 2019-01-08 12:56:09 --> Config Class Initialized
INFO - 2019-01-08 12:56:09 --> Hooks Class Initialized
DEBUG - 2019-01-08 12:56:10 --> UTF-8 Support Enabled
INFO - 2019-01-08 12:56:10 --> Utf8 Class Initialized
INFO - 2019-01-08 12:56:10 --> URI Class Initialized
INFO - 2019-01-08 12:56:10 --> Router Class Initialized
INFO - 2019-01-08 12:56:10 --> Output Class Initialized
INFO - 2019-01-08 12:56:10 --> Security Class Initialized
DEBUG - 2019-01-08 12:56:10 --> Global POST, GET and COOKIE data sanitized
INFO - 2019-01-08 12:56:10 --> Input Class Initialized
INFO - 2019-01-08 12:56:10 --> Language Class Initialized
ERROR - 2019-01-08 12:56:10 --> 404 Page Not Found: /index
INFO - 2019-01-08 21:13:43 --> Config Class Initialized
INFO - 2019-01-08 21:13:43 --> Hooks Class Initialized
DEBUG - 2019-01-08 21:13:43 --> UTF-8 Support Enabled
INFO - 2019-01-08 21:13:43 --> Utf8 Class Initialized
INFO - 2019-01-08 21:13:43 --> URI Class Initialized
INFO - 2019-01-08 21:13:43 --> Router Class Initialized
INFO - 2019-01-08 21:13:43 --> Output Class Initialized
INFO - 2019-01-08 21:13:43 --> Security Class Initialized
DEBUG - 2019-01-08 21:13:43 --> Global POST, GET and COOKIE data sanitized
INFO - 2019-01-08 21:13:43 --> Input Class Initialized
INFO - 2019-01-08 21:13:43 --> Language Class Initialized
ERROR - 2019-01-08 21:13:43 --> 404 Page Not Found: /index
