INFO - 2019-01-22 00:09:48 --> Config Class Initialized
INFO - 2019-01-22 00:09:48 --> Hooks Class Initialized
DEBUG - 2019-01-22 00:09:48 --> UTF-8 Support Enabled
INFO - 2019-01-22 00:09:48 --> Utf8 Class Initialized
INFO - 2019-01-22 00:09:48 --> URI Class Initialized
INFO - 2019-01-22 00:09:48 --> Router Class Initialized
INFO - 2019-01-22 00:09:48 --> Output Class Initialized
INFO - 2019-01-22 00:09:48 --> Security Class Initialized
DEBUG - 2019-01-22 00:09:48 --> Global POST, GET and COOKIE data sanitized
INFO - 2019-01-22 00:09:48 --> Input Class Initialized
INFO - 2019-01-22 00:09:48 --> Language Class Initialized
ERROR - 2019-01-22 00:09:48 --> 404 Page Not Found: /index
INFO - 2019-01-22 05:36:06 --> Config Class Initialized
INFO - 2019-01-22 05:36:06 --> Hooks Class Initialized
DEBUG - 2019-01-22 05:36:06 --> UTF-8 Support Enabled
INFO - 2019-01-22 05:36:06 --> Utf8 Class Initialized
INFO - 2019-01-22 05:36:06 --> URI Class Initialized
INFO - 2019-01-22 05:36:06 --> Router Class Initialized
INFO - 2019-01-22 05:36:06 --> Output Class Initialized
INFO - 2019-01-22 05:36:06 --> Security Class Initialized
DEBUG - 2019-01-22 05:36:06 --> Global POST, GET and COOKIE data sanitized
INFO - 2019-01-22 05:36:06 --> Input Class Initialized
INFO - 2019-01-22 05:36:06 --> Language Class Initialized
ERROR - 2019-01-22 05:36:06 --> 404 Page Not Found: /index
INFO - 2019-01-22 05:50:41 --> Config Class Initialized
INFO - 2019-01-22 05:50:41 --> Hooks Class Initialized
DEBUG - 2019-01-22 05:50:41 --> UTF-8 Support Enabled
INFO - 2019-01-22 05:50:41 --> Utf8 Class Initialized
INFO - 2019-01-22 05:50:41 --> URI Class Initialized
INFO - 2019-01-22 05:50:41 --> Router Class Initialized
INFO - 2019-01-22 05:50:41 --> Output Class Initialized
INFO - 2019-01-22 05:50:41 --> Security Class Initialized
DEBUG - 2019-01-22 05:50:41 --> Global POST, GET and COOKIE data sanitized
INFO - 2019-01-22 05:50:41 --> Input Class Initialized
INFO - 2019-01-22 05:50:41 --> Language Class Initialized
ERROR - 2019-01-22 05:50:41 --> 404 Page Not Found: /index
INFO - 2019-01-22 08:30:10 --> Config Class Initialized
INFO - 2019-01-22 08:30:10 --> Hooks Class Initialized
DEBUG - 2019-01-22 08:30:10 --> UTF-8 Support Enabled
INFO - 2019-01-22 08:30:10 --> Utf8 Class Initialized
INFO - 2019-01-22 08:30:10 --> URI Class Initialized
INFO - 2019-01-22 08:30:10 --> Router Class Initialized
INFO - 2019-01-22 08:30:10 --> Output Class Initialized
INFO - 2019-01-22 08:30:10 --> Security Class Initialized
DEBUG - 2019-01-22 08:30:10 --> Global POST, GET and COOKIE data sanitized
INFO - 2019-01-22 08:30:10 --> Input Class Initialized
INFO - 2019-01-22 08:30:10 --> Language Class Initialized
ERROR - 2019-01-22 08:30:10 --> 404 Page Not Found: /index
INFO - 2019-01-22 09:36:53 --> Config Class Initialized
INFO - 2019-01-22 09:36:53 --> Hooks Class Initialized
DEBUG - 2019-01-22 09:36:53 --> UTF-8 Support Enabled
INFO - 2019-01-22 09:36:53 --> Utf8 Class Initialized
INFO - 2019-01-22 09:36:53 --> URI Class Initialized
INFO - 2019-01-22 09:36:53 --> Router Class Initialized
INFO - 2019-01-22 09:36:53 --> Output Class Initialized
INFO - 2019-01-22 09:36:53 --> Security Class Initialized
DEBUG - 2019-01-22 09:36:53 --> Global POST, GET and COOKIE data sanitized
INFO - 2019-01-22 09:36:53 --> Input Class Initialized
INFO - 2019-01-22 09:36:53 --> Language Class Initialized
ERROR - 2019-01-22 09:36:53 --> 404 Page Not Found: /index
