INFO - 2018-12-16 00:36:04 --> Config Class Initialized
INFO - 2018-12-16 00:36:04 --> Hooks Class Initialized
DEBUG - 2018-12-16 00:36:04 --> UTF-8 Support Enabled
INFO - 2018-12-16 00:36:04 --> Utf8 Class Initialized
INFO - 2018-12-16 00:36:04 --> URI Class Initialized
INFO - 2018-12-16 00:36:04 --> Config Class Initialized
INFO - 2018-12-16 00:36:04 --> Hooks Class Initialized
DEBUG - 2018-12-16 00:36:04 --> UTF-8 Support Enabled
INFO - 2018-12-16 00:36:04 --> Utf8 Class Initialized
INFO - 2018-12-16 00:36:04 --> URI Class Initialized
INFO - 2018-12-16 00:36:04 --> Router Class Initialized
INFO - 2018-12-16 00:36:04 --> Output Class Initialized
INFO - 2018-12-16 00:36:04 --> Router Class Initialized
INFO - 2018-12-16 00:36:04 --> Output Class Initialized
INFO - 2018-12-16 00:36:04 --> Security Class Initialized
DEBUG - 2018-12-16 00:36:04 --> Global POST, GET and COOKIE data sanitized
INFO - 2018-12-16 00:36:04 --> Input Class Initialized
INFO - 2018-12-16 00:36:04 --> Language Class Initialized
ERROR - 2018-12-16 00:36:04 --> 404 Page Not Found: /index
INFO - 2018-12-16 00:36:04 --> Security Class Initialized
DEBUG - 2018-12-16 00:36:04 --> Global POST, GET and COOKIE data sanitized
INFO - 2018-12-16 00:36:04 --> Input Class Initialized
INFO - 2018-12-16 00:36:04 --> Language Class Initialized
ERROR - 2018-12-16 00:36:04 --> 404 Page Not Found: /index
INFO - 2018-12-16 00:36:04 --> Config Class Initialized
INFO - 2018-12-16 00:36:04 --> Hooks Class Initialized
DEBUG - 2018-12-16 00:36:04 --> UTF-8 Support Enabled
INFO - 2018-12-16 00:36:04 --> Utf8 Class Initialized
INFO - 2018-12-16 00:36:04 --> URI Class Initialized
INFO - 2018-12-16 00:36:04 --> Router Class Initialized
INFO - 2018-12-16 00:36:04 --> Output Class Initialized
INFO - 2018-12-16 00:36:04 --> Security Class Initialized
DEBUG - 2018-12-16 00:36:04 --> Global POST, GET and COOKIE data sanitized
INFO - 2018-12-16 00:36:04 --> Input Class Initialized
INFO - 2018-12-16 00:36:04 --> Language Class Initialized
ERROR - 2018-12-16 00:36:04 --> 404 Page Not Found: /index
INFO - 2018-12-16 00:36:04 --> Config Class Initialized
INFO - 2018-12-16 00:36:04 --> Hooks Class Initialized
DEBUG - 2018-12-16 00:36:04 --> UTF-8 Support Enabled
INFO - 2018-12-16 00:36:04 --> Utf8 Class Initialized
INFO - 2018-12-16 00:36:04 --> URI Class Initialized
INFO - 2018-12-16 00:36:04 --> Router Class Initialized
INFO - 2018-12-16 00:36:04 --> Output Class Initialized
INFO - 2018-12-16 00:36:04 --> Security Class Initialized
DEBUG - 2018-12-16 00:36:04 --> Global POST, GET and COOKIE data sanitized
INFO - 2018-12-16 00:36:04 --> Input Class Initialized
INFO - 2018-12-16 00:36:04 --> Language Class Initialized
ERROR - 2018-12-16 00:36:04 --> 404 Page Not Found: /index
INFO - 2018-12-16 01:15:22 --> Config Class Initialized
INFO - 2018-12-16 01:15:22 --> Hooks Class Initialized
DEBUG - 2018-12-16 01:15:22 --> UTF-8 Support Enabled
INFO - 2018-12-16 01:15:22 --> Utf8 Class Initialized
INFO - 2018-12-16 01:15:22 --> URI Class Initialized
INFO - 2018-12-16 01:15:22 --> Router Class Initialized
INFO - 2018-12-16 01:15:22 --> Output Class Initialized
INFO - 2018-12-16 01:15:22 --> Security Class Initialized
DEBUG - 2018-12-16 01:15:22 --> Global POST, GET and COOKIE data sanitized
INFO - 2018-12-16 01:15:22 --> Input Class Initialized
INFO - 2018-12-16 01:15:22 --> Language Class Initialized
ERROR - 2018-12-16 01:15:22 --> 404 Page Not Found: /index
INFO - 2018-12-16 01:15:28 --> Config Class Initialized
INFO - 2018-12-16 01:15:28 --> Hooks Class Initialized
DEBUG - 2018-12-16 01:15:28 --> UTF-8 Support Enabled
INFO - 2018-12-16 01:15:28 --> Utf8 Class Initialized
INFO - 2018-12-16 01:15:28 --> URI Class Initialized
INFO - 2018-12-16 01:15:28 --> Router Class Initialized
INFO - 2018-12-16 01:15:28 --> Output Class Initialized
INFO - 2018-12-16 01:15:28 --> Security Class Initialized
DEBUG - 2018-12-16 01:15:28 --> Global POST, GET and COOKIE data sanitized
INFO - 2018-12-16 01:15:28 --> Input Class Initialized
INFO - 2018-12-16 01:15:28 --> Language Class Initialized
ERROR - 2018-12-16 01:15:28 --> 404 Page Not Found: /index
INFO - 2018-12-16 01:15:41 --> Config Class Initialized
INFO - 2018-12-16 01:15:41 --> Hooks Class Initialized
DEBUG - 2018-12-16 01:15:41 --> UTF-8 Support Enabled
INFO - 2018-12-16 01:15:41 --> Utf8 Class Initialized
INFO - 2018-12-16 01:15:41 --> URI Class Initialized
INFO - 2018-12-16 01:15:41 --> Router Class Initialized
INFO - 2018-12-16 01:15:41 --> Output Class Initialized
INFO - 2018-12-16 01:15:41 --> Security Class Initialized
DEBUG - 2018-12-16 01:15:41 --> Global POST, GET and COOKIE data sanitized
INFO - 2018-12-16 01:15:41 --> Input Class Initialized
INFO - 2018-12-16 01:15:41 --> Language Class Initialized
ERROR - 2018-12-16 01:15:41 --> 404 Page Not Found: /index
INFO - 2018-12-16 01:15:58 --> Config Class Initialized
INFO - 2018-12-16 01:15:58 --> Hooks Class Initialized
DEBUG - 2018-12-16 01:15:58 --> UTF-8 Support Enabled
INFO - 2018-12-16 01:15:58 --> Utf8 Class Initialized
INFO - 2018-12-16 01:15:58 --> URI Class Initialized
INFO - 2018-12-16 01:15:58 --> Router Class Initialized
INFO - 2018-12-16 01:15:58 --> Output Class Initialized
INFO - 2018-12-16 01:15:58 --> Security Class Initialized
DEBUG - 2018-12-16 01:15:58 --> Global POST, GET and COOKIE data sanitized
INFO - 2018-12-16 01:15:58 --> Input Class Initialized
INFO - 2018-12-16 01:15:58 --> Language Class Initialized
ERROR - 2018-12-16 01:15:58 --> 404 Page Not Found: /index
INFO - 2018-12-16 02:01:44 --> Config Class Initialized
INFO - 2018-12-16 02:01:44 --> Hooks Class Initialized
DEBUG - 2018-12-16 02:01:44 --> UTF-8 Support Enabled
INFO - 2018-12-16 02:01:44 --> Utf8 Class Initialized
INFO - 2018-12-16 02:01:44 --> URI Class Initialized
INFO - 2018-12-16 02:01:44 --> Router Class Initialized
INFO - 2018-12-16 02:01:44 --> Output Class Initialized
INFO - 2018-12-16 02:01:44 --> Security Class Initialized
DEBUG - 2018-12-16 02:01:44 --> Global POST, GET and COOKIE data sanitized
INFO - 2018-12-16 02:01:44 --> Input Class Initialized
INFO - 2018-12-16 02:01:44 --> Language Class Initialized
ERROR - 2018-12-16 02:01:44 --> 404 Page Not Found: /index
INFO - 2018-12-16 02:01:44 --> Config Class Initialized
INFO - 2018-12-16 02:01:44 --> Hooks Class Initialized
DEBUG - 2018-12-16 02:01:44 --> UTF-8 Support Enabled
INFO - 2018-12-16 02:01:44 --> Utf8 Class Initialized
INFO - 2018-12-16 02:01:44 --> URI Class Initialized
INFO - 2018-12-16 02:01:44 --> Router Class Initialized
INFO - 2018-12-16 02:01:44 --> Output Class Initialized
INFO - 2018-12-16 02:01:44 --> Security Class Initialized
DEBUG - 2018-12-16 02:01:44 --> Global POST, GET and COOKIE data sanitized
INFO - 2018-12-16 02:01:44 --> Input Class Initialized
INFO - 2018-12-16 02:01:44 --> Language Class Initialized
ERROR - 2018-12-16 02:01:44 --> 404 Page Not Found: /index
INFO - 2018-12-16 02:05:23 --> Config Class Initialized
INFO - 2018-12-16 02:05:23 --> Hooks Class Initialized
DEBUG - 2018-12-16 02:05:23 --> UTF-8 Support Enabled
INFO - 2018-12-16 02:05:23 --> Utf8 Class Initialized
INFO - 2018-12-16 02:05:23 --> URI Class Initialized
INFO - 2018-12-16 02:05:23 --> Router Class Initialized
INFO - 2018-12-16 02:05:23 --> Output Class Initialized
INFO - 2018-12-16 02:05:24 --> Security Class Initialized
DEBUG - 2018-12-16 02:05:24 --> Global POST, GET and COOKIE data sanitized
INFO - 2018-12-16 02:05:24 --> Input Class Initialized
INFO - 2018-12-16 02:05:24 --> Language Class Initialized
ERROR - 2018-12-16 02:05:24 --> 404 Page Not Found: /index
INFO - 2018-12-16 02:05:24 --> Config Class Initialized
INFO - 2018-12-16 02:05:24 --> Hooks Class Initialized
DEBUG - 2018-12-16 02:05:24 --> UTF-8 Support Enabled
INFO - 2018-12-16 02:05:24 --> Utf8 Class Initialized
INFO - 2018-12-16 02:05:24 --> URI Class Initialized
INFO - 2018-12-16 02:05:24 --> Router Class Initialized
INFO - 2018-12-16 02:05:24 --> Output Class Initialized
INFO - 2018-12-16 02:05:24 --> Security Class Initialized
DEBUG - 2018-12-16 02:05:24 --> Global POST, GET and COOKIE data sanitized
INFO - 2018-12-16 02:05:24 --> Input Class Initialized
INFO - 2018-12-16 02:05:24 --> Language Class Initialized
ERROR - 2018-12-16 02:05:24 --> 404 Page Not Found: /index
INFO - 2018-12-16 02:56:33 --> Config Class Initialized
INFO - 2018-12-16 02:56:33 --> Hooks Class Initialized
DEBUG - 2018-12-16 02:56:33 --> UTF-8 Support Enabled
INFO - 2018-12-16 02:56:33 --> Utf8 Class Initialized
INFO - 2018-12-16 02:56:33 --> URI Class Initialized
INFO - 2018-12-16 02:56:33 --> Router Class Initialized
INFO - 2018-12-16 02:56:33 --> Output Class Initialized
INFO - 2018-12-16 02:56:33 --> Security Class Initialized
DEBUG - 2018-12-16 02:56:33 --> Global POST, GET and COOKIE data sanitized
INFO - 2018-12-16 02:56:33 --> Input Class Initialized
INFO - 2018-12-16 02:56:33 --> Language Class Initialized
ERROR - 2018-12-16 02:56:33 --> 404 Page Not Found: /index
INFO - 2018-12-16 02:56:33 --> Config Class Initialized
INFO - 2018-12-16 02:56:33 --> Hooks Class Initialized
DEBUG - 2018-12-16 02:56:33 --> UTF-8 Support Enabled
INFO - 2018-12-16 02:56:33 --> Utf8 Class Initialized
INFO - 2018-12-16 02:56:33 --> URI Class Initialized
INFO - 2018-12-16 02:56:33 --> Router Class Initialized
INFO - 2018-12-16 02:56:33 --> Output Class Initialized
INFO - 2018-12-16 02:56:33 --> Security Class Initialized
DEBUG - 2018-12-16 02:56:33 --> Global POST, GET and COOKIE data sanitized
INFO - 2018-12-16 02:56:33 --> Input Class Initialized
INFO - 2018-12-16 02:56:33 --> Language Class Initialized
ERROR - 2018-12-16 02:56:33 --> 404 Page Not Found: /index
