INFO - 2019-01-03 01:41:42 --> Config Class Initialized
INFO - 2019-01-03 01:41:42 --> Hooks Class Initialized
DEBUG - 2019-01-03 01:41:42 --> UTF-8 Support Enabled
INFO - 2019-01-03 01:41:42 --> Utf8 Class Initialized
INFO - 2019-01-03 01:41:42 --> URI Class Initialized
INFO - 2019-01-03 01:41:42 --> Router Class Initialized
INFO - 2019-01-03 01:41:42 --> Output Class Initialized
INFO - 2019-01-03 01:41:42 --> Security Class Initialized
DEBUG - 2019-01-03 01:41:42 --> Global POST, GET and COOKIE data sanitized
INFO - 2019-01-03 01:41:42 --> Input Class Initialized
INFO - 2019-01-03 01:41:42 --> Language Class Initialized
ERROR - 2019-01-03 01:41:42 --> 404 Page Not Found: /index
INFO - 2019-01-03 16:36:16 --> Config Class Initialized
INFO - 2019-01-03 16:36:16 --> Hooks Class Initialized
DEBUG - 2019-01-03 16:36:16 --> UTF-8 Support Enabled
INFO - 2019-01-03 16:36:16 --> Utf8 Class Initialized
INFO - 2019-01-03 16:36:16 --> URI Class Initialized
INFO - 2019-01-03 16:36:16 --> Router Class Initialized
INFO - 2019-01-03 16:36:16 --> Output Class Initialized
INFO - 2019-01-03 16:36:16 --> Security Class Initialized
DEBUG - 2019-01-03 16:36:16 --> Global POST, GET and COOKIE data sanitized
INFO - 2019-01-03 16:36:16 --> Input Class Initialized
INFO - 2019-01-03 16:36:16 --> Language Class Initialized
ERROR - 2019-01-03 16:36:16 --> 404 Page Not Found: /index
