INFO - 2018-12-11 00:21:20 --> Config Class Initialized
INFO - 2018-12-11 00:21:20 --> Hooks Class Initialized
DEBUG - 2018-12-11 00:21:20 --> UTF-8 Support Enabled
INFO - 2018-12-11 00:21:20 --> Utf8 Class Initialized
INFO - 2018-12-11 00:21:20 --> URI Class Initialized
INFO - 2018-12-11 00:21:20 --> Router Class Initialized
INFO - 2018-12-11 00:21:20 --> Output Class Initialized
INFO - 2018-12-11 00:21:20 --> Security Class Initialized
DEBUG - 2018-12-11 00:21:20 --> Global POST, GET and COOKIE data sanitized
INFO - 2018-12-11 00:21:20 --> Input Class Initialized
INFO - 2018-12-11 00:21:20 --> Language Class Initialized
ERROR - 2018-12-11 00:21:20 --> 404 Page Not Found: /index
INFO - 2018-12-11 23:31:32 --> Config Class Initialized
INFO - 2018-12-11 23:31:32 --> Hooks Class Initialized
DEBUG - 2018-12-11 23:31:32 --> UTF-8 Support Enabled
INFO - 2018-12-11 23:31:32 --> Utf8 Class Initialized
INFO - 2018-12-11 23:31:32 --> URI Class Initialized
INFO - 2018-12-11 23:31:32 --> Router Class Initialized
INFO - 2018-12-11 23:31:32 --> Output Class Initialized
INFO - 2018-12-11 23:31:32 --> Security Class Initialized
DEBUG - 2018-12-11 23:31:32 --> Global POST, GET and COOKIE data sanitized
INFO - 2018-12-11 23:31:32 --> Input Class Initialized
INFO - 2018-12-11 23:31:32 --> Language Class Initialized
ERROR - 2018-12-11 23:31:32 --> 404 Page Not Found: /index
