INFO - 2019-01-02 01:39:22 --> Config Class Initialized
INFO - 2019-01-02 01:39:22 --> Hooks Class Initialized
DEBUG - 2019-01-02 01:39:22 --> UTF-8 Support Enabled
INFO - 2019-01-02 01:39:22 --> Utf8 Class Initialized
INFO - 2019-01-02 01:39:22 --> URI Class Initialized
INFO - 2019-01-02 01:39:22 --> Router Class Initialized
INFO - 2019-01-02 01:39:22 --> Output Class Initialized
INFO - 2019-01-02 01:39:22 --> Security Class Initialized
DEBUG - 2019-01-02 01:39:22 --> Global POST, GET and COOKIE data sanitized
INFO - 2019-01-02 01:39:22 --> Input Class Initialized
INFO - 2019-01-02 01:39:22 --> Language Class Initialized
ERROR - 2019-01-02 01:39:22 --> 404 Page Not Found: /index
INFO - 2019-01-02 14:58:38 --> Config Class Initialized
INFO - 2019-01-02 14:58:38 --> Hooks Class Initialized
DEBUG - 2019-01-02 14:58:38 --> UTF-8 Support Enabled
INFO - 2019-01-02 14:58:38 --> Utf8 Class Initialized
INFO - 2019-01-02 14:58:38 --> URI Class Initialized
INFO - 2019-01-02 14:58:38 --> Router Class Initialized
INFO - 2019-01-02 14:58:38 --> Output Class Initialized
INFO - 2019-01-02 14:58:38 --> Security Class Initialized
DEBUG - 2019-01-02 14:58:38 --> Global POST, GET and COOKIE data sanitized
INFO - 2019-01-02 14:58:38 --> Input Class Initialized
INFO - 2019-01-02 14:58:38 --> Language Class Initialized
ERROR - 2019-01-02 14:58:38 --> 404 Page Not Found: /index
INFO - 2019-01-02 14:58:52 --> Config Class Initialized
INFO - 2019-01-02 14:58:52 --> Hooks Class Initialized
DEBUG - 2019-01-02 14:58:52 --> UTF-8 Support Enabled
INFO - 2019-01-02 14:58:52 --> Utf8 Class Initialized
INFO - 2019-01-02 14:58:52 --> URI Class Initialized
INFO - 2019-01-02 14:58:52 --> Router Class Initialized
INFO - 2019-01-02 14:58:52 --> Output Class Initialized
INFO - 2019-01-02 14:58:52 --> Security Class Initialized
DEBUG - 2019-01-02 14:58:52 --> Global POST, GET and COOKIE data sanitized
INFO - 2019-01-02 14:58:52 --> Input Class Initialized
INFO - 2019-01-02 14:58:52 --> Language Class Initialized
ERROR - 2019-01-02 14:58:52 --> 404 Page Not Found: ReestrBudinkiv/streets
INFO - 2019-01-02 14:58:57 --> Config Class Initialized
INFO - 2019-01-02 14:58:57 --> Hooks Class Initialized
DEBUG - 2019-01-02 14:58:57 --> UTF-8 Support Enabled
INFO - 2019-01-02 14:58:57 --> Utf8 Class Initialized
