INFO - 2019-01-26 19:22:15 --> Config Class Initialized
INFO - 2019-01-26 19:22:15 --> Hooks Class Initialized
DEBUG - 2019-01-26 19:22:15 --> UTF-8 Support Enabled
INFO - 2019-01-26 19:22:15 --> Utf8 Class Initialized
INFO - 2019-01-26 19:22:15 --> URI Class Initialized
INFO - 2019-01-26 19:22:15 --> Router Class Initialized
INFO - 2019-01-26 19:22:15 --> Output Class Initialized
INFO - 2019-01-26 19:22:15 --> Security Class Initialized
DEBUG - 2019-01-26 19:22:15 --> Global POST, GET and COOKIE data sanitized
INFO - 2019-01-26 19:22:15 --> Input Class Initialized
INFO - 2019-01-26 19:22:15 --> Language Class Initialized
ERROR - 2019-01-26 19:22:15 --> 404 Page Not Found: /index
INFO - 2019-01-26 19:53:52 --> Config Class Initialized
INFO - 2019-01-26 19:53:52 --> Hooks Class Initialized
DEBUG - 2019-01-26 19:53:52 --> UTF-8 Support Enabled
INFO - 2019-01-26 19:53:52 --> Utf8 Class Initialized
INFO - 2019-01-26 19:53:52 --> URI Class Initialized
INFO - 2019-01-26 19:53:52 --> Router Class Initialized
INFO - 2019-01-26 19:53:52 --> Output Class Initialized
INFO - 2019-01-26 19:53:52 --> Security Class Initialized
DEBUG - 2019-01-26 19:53:52 --> Global POST, GET and COOKIE data sanitized
INFO - 2019-01-26 19:53:52 --> Input Class Initialized
INFO - 2019-01-26 19:53:52 --> Language Class Initialized
ERROR - 2019-01-26 19:53:52 --> 404 Page Not Found: /index
INFO - 2019-01-26 21:24:09 --> Config Class Initialized
INFO - 2019-01-26 21:24:09 --> Hooks Class Initialized
DEBUG - 2019-01-26 21:24:09 --> UTF-8 Support Enabled
INFO - 2019-01-26 21:24:09 --> Utf8 Class Initialized
INFO - 2019-01-26 21:24:09 --> URI Class Initialized
INFO - 2019-01-26 21:24:09 --> Router Class Initialized
INFO - 2019-01-26 21:24:09 --> Output Class Initialized
INFO - 2019-01-26 21:24:09 --> Security Class Initialized
DEBUG - 2019-01-26 21:24:09 --> Global POST, GET and COOKIE data sanitized
INFO - 2019-01-26 21:24:09 --> Input Class Initialized
INFO - 2019-01-26 21:24:09 --> Language Class Initialized
ERROR - 2019-01-26 21:24:09 --> 404 Page Not Found: /index
