INFO - 2019-02-01 03:03:18 --> Config Class Initialized
INFO - 2019-02-01 03:03:18 --> Hooks Class Initialized
DEBUG - 2019-02-01 03:03:18 --> UTF-8 Support Enabled
INFO - 2019-02-01 03:03:18 --> Utf8 Class Initialized
INFO - 2019-02-01 03:03:18 --> URI Class Initialized
INFO - 2019-02-01 03:03:18 --> Router Class Initialized
INFO - 2019-02-01 03:03:18 --> Output Class Initialized
INFO - 2019-02-01 03:03:18 --> Security Class Initialized
DEBUG - 2019-02-01 03:03:18 --> Global POST, GET and COOKIE data sanitized
INFO - 2019-02-01 03:03:18 --> Input Class Initialized
INFO - 2019-02-01 03:03:18 --> Language Class Initialized
ERROR - 2019-02-01 03:03:18 --> 404 Page Not Found: /index
INFO - 2019-02-01 05:03:34 --> Config Class Initialized
INFO - 2019-02-01 05:03:34 --> Hooks Class Initialized
DEBUG - 2019-02-01 05:03:34 --> UTF-8 Support Enabled
INFO - 2019-02-01 05:03:34 --> Utf8 Class Initialized
INFO - 2019-02-01 05:03:34 --> URI Class Initialized
INFO - 2019-02-01 05:03:34 --> Router Class Initialized
INFO - 2019-02-01 05:03:34 --> Output Class Initialized
INFO - 2019-02-01 05:03:34 --> Security Class Initialized
DEBUG - 2019-02-01 05:03:34 --> Global POST, GET and COOKIE data sanitized
INFO - 2019-02-01 05:03:34 --> Input Class Initialized
INFO - 2019-02-01 05:03:34 --> Language Class Initialized
ERROR - 2019-02-01 05:03:34 --> 404 Page Not Found: /index
INFO - 2019-02-01 05:50:12 --> Config Class Initialized
INFO - 2019-02-01 05:50:12 --> Hooks Class Initialized
DEBUG - 2019-02-01 05:50:12 --> UTF-8 Support Enabled
INFO - 2019-02-01 05:50:12 --> Utf8 Class Initialized
INFO - 2019-02-01 05:50:12 --> URI Class Initialized
INFO - 2019-02-01 05:50:12 --> Router Class Initialized
INFO - 2019-02-01 05:50:12 --> Output Class Initialized
INFO - 2019-02-01 05:50:12 --> Security Class Initialized
DEBUG - 2019-02-01 05:50:12 --> Global POST, GET and COOKIE data sanitized
INFO - 2019-02-01 05:50:12 --> Input Class Initialized
INFO - 2019-02-01 05:50:12 --> Language Class Initialized
ERROR - 2019-02-01 05:50:12 --> 404 Page Not Found: /index
INFO - 2019-02-01 10:43:34 --> Config Class Initialized
INFO - 2019-02-01 10:43:34 --> Hooks Class Initialized
DEBUG - 2019-02-01 10:43:34 --> UTF-8 Support Enabled
INFO - 2019-02-01 10:43:34 --> Utf8 Class Initialized
INFO - 2019-02-01 10:43:34 --> URI Class Initialized
INFO - 2019-02-01 10:43:34 --> Router Class Initialized
INFO - 2019-02-01 10:43:34 --> Output Class Initialized
INFO - 2019-02-01 10:43:34 --> Security Class Initialized
DEBUG - 2019-02-01 10:43:34 --> Global POST, GET and COOKIE data sanitized
INFO - 2019-02-01 10:43:34 --> Input Class Initialized
INFO - 2019-02-01 10:43:34 --> Language Class Initialized
ERROR - 2019-02-01 10:43:34 --> 404 Page Not Found: /index
INFO - 2019-02-01 22:11:45 --> Config Class Initialized
INFO - 2019-02-01 22:11:45 --> Hooks Class Initialized
DEBUG - 2019-02-01 22:11:45 --> UTF-8 Support Enabled
INFO - 2019-02-01 22:11:45 --> Utf8 Class Initialized
INFO - 2019-02-01 22:11:45 --> URI Class Initialized
INFO - 2019-02-01 22:11:45 --> Router Class Initialized
INFO - 2019-02-01 22:11:45 --> Output Class Initialized
INFO - 2019-02-01 22:11:45 --> Security Class Initialized
DEBUG - 2019-02-01 22:11:45 --> Global POST, GET and COOKIE data sanitized
INFO - 2019-02-01 22:11:45 --> Input Class Initialized
INFO - 2019-02-01 22:11:45 --> Language Class Initialized
ERROR - 2019-02-01 22:11:45 --> 404 Page Not Found: /index
