INFO - 2019-01-17 16:48:02 --> Config Class Initialized
INFO - 2019-01-17 16:48:02 --> Hooks Class Initialized
DEBUG - 2019-01-17 16:48:02 --> UTF-8 Support Enabled
INFO - 2019-01-17 16:48:02 --> Utf8 Class Initialized
INFO - 2019-01-17 16:48:02 --> URI Class Initialized
INFO - 2019-01-17 16:48:02 --> Router Class Initialized
INFO - 2019-01-17 16:48:02 --> Output Class Initialized
INFO - 2019-01-17 16:48:02 --> Security Class Initialized
DEBUG - 2019-01-17 16:48:02 --> Global POST, GET and COOKIE data sanitized
INFO - 2019-01-17 16:48:02 --> Input Class Initialized
INFO - 2019-01-17 16:48:02 --> Language Class Initialized
ERROR - 2019-01-17 16:48:02 --> 404 Page Not Found: /index
INFO - 2019-01-17 17:10:50 --> Config Class Initialized
INFO - 2019-01-17 17:10:50 --> Hooks Class Initialized
DEBUG - 2019-01-17 17:10:50 --> UTF-8 Support Enabled
INFO - 2019-01-17 17:10:50 --> Utf8 Class Initialized
INFO - 2019-01-17 17:10:50 --> URI Class Initialized
INFO - 2019-01-17 17:10:50 --> Router Class Initialized
INFO - 2019-01-17 17:10:50 --> Output Class Initialized
INFO - 2019-01-17 17:10:50 --> Security Class Initialized
DEBUG - 2019-01-17 17:10:50 --> Global POST, GET and COOKIE data sanitized
INFO - 2019-01-17 17:10:50 --> Input Class Initialized
INFO - 2019-01-17 17:10:50 --> Language Class Initialized
ERROR - 2019-01-17 17:10:50 --> 404 Page Not Found: /index
