INFO - 2019-01-15 06:58:40 --> Config Class Initialized
INFO - 2019-01-15 06:58:40 --> Hooks Class Initialized
DEBUG - 2019-01-15 06:58:40 --> UTF-8 Support Enabled
INFO - 2019-01-15 06:58:40 --> Utf8 Class Initialized
INFO - 2019-01-15 06:58:40 --> URI Class Initialized
INFO - 2019-01-15 06:58:40 --> Router Class Initialized
INFO - 2019-01-15 06:58:40 --> Output Class Initialized
INFO - 2019-01-15 06:58:40 --> Security Class Initialized
DEBUG - 2019-01-15 06:58:40 --> Global POST, GET and COOKIE data sanitized
INFO - 2019-01-15 06:58:40 --> Input Class Initialized
INFO - 2019-01-15 06:58:40 --> Language Class Initialized
ERROR - 2019-01-15 06:58:40 --> 404 Page Not Found: /index
INFO - 2019-01-15 13:00:32 --> Config Class Initialized
INFO - 2019-01-15 13:00:32 --> Hooks Class Initialized
DEBUG - 2019-01-15 13:00:32 --> UTF-8 Support Enabled
INFO - 2019-01-15 13:00:32 --> Utf8 Class Initialized
INFO - 2019-01-15 13:00:32 --> URI Class Initialized
INFO - 2019-01-15 13:00:32 --> Router Class Initialized
INFO - 2019-01-15 13:00:32 --> Output Class Initialized
INFO - 2019-01-15 13:00:32 --> Security Class Initialized
DEBUG - 2019-01-15 13:00:32 --> Global POST, GET and COOKIE data sanitized
INFO - 2019-01-15 13:00:32 --> Input Class Initialized
INFO - 2019-01-15 13:00:32 --> Language Class Initialized
ERROR - 2019-01-15 13:00:32 --> 404 Page Not Found: /index
INFO - 2019-01-15 23:59:23 --> Config Class Initialized
INFO - 2019-01-15 23:59:23 --> Hooks Class Initialized
DEBUG - 2019-01-15 23:59:23 --> UTF-8 Support Enabled
INFO - 2019-01-15 23:59:23 --> Utf8 Class Initialized
INFO - 2019-01-15 23:59:23 --> URI Class Initialized
INFO - 2019-01-15 23:59:23 --> Router Class Initialized
INFO - 2019-01-15 23:59:23 --> Output Class Initialized
INFO - 2019-01-15 23:59:23 --> Security Class Initialized
DEBUG - 2019-01-15 23:59:23 --> Global POST, GET and COOKIE data sanitized
INFO - 2019-01-15 23:59:23 --> Input Class Initialized
INFO - 2019-01-15 23:59:23 --> Language Class Initialized
ERROR - 2019-01-15 23:59:23 --> 404 Page Not Found: /index
