INFO - 2019-01-25 07:32:34 --> Config Class Initialized
INFO - 2019-01-25 07:32:34 --> Hooks Class Initialized
DEBUG - 2019-01-25 07:32:34 --> UTF-8 Support Enabled
INFO - 2019-01-25 07:32:34 --> Utf8 Class Initialized
INFO - 2019-01-25 07:32:34 --> URI Class Initialized
INFO - 2019-01-25 07:32:34 --> Router Class Initialized
INFO - 2019-01-25 07:32:34 --> Output Class Initialized
INFO - 2019-01-25 07:32:34 --> Security Class Initialized
DEBUG - 2019-01-25 07:32:34 --> Global POST, GET and COOKIE data sanitized
INFO - 2019-01-25 07:32:34 --> Input Class Initialized
INFO - 2019-01-25 07:32:34 --> Language Class Initialized
ERROR - 2019-01-25 07:32:34 --> 404 Page Not Found: /index
INFO - 2019-01-25 11:27:57 --> Config Class Initialized
INFO - 2019-01-25 11:27:57 --> Hooks Class Initialized
DEBUG - 2019-01-25 11:27:57 --> UTF-8 Support Enabled
INFO - 2019-01-25 11:27:57 --> Utf8 Class Initialized
INFO - 2019-01-25 11:27:57 --> URI Class Initialized
INFO - 2019-01-25 11:27:57 --> Router Class Initialized
INFO - 2019-01-25 11:27:57 --> Output Class Initialized
INFO - 2019-01-25 11:27:57 --> Security Class Initialized
DEBUG - 2019-01-25 11:27:57 --> Global POST, GET and COOKIE data sanitized
INFO - 2019-01-25 11:27:57 --> Input Class Initialized
INFO - 2019-01-25 11:27:57 --> Language Class Initialized
ERROR - 2019-01-25 11:27:57 --> 404 Page Not Found: /index
INFO - 2019-01-25 20:01:53 --> Config Class Initialized
INFO - 2019-01-25 20:01:53 --> Hooks Class Initialized
DEBUG - 2019-01-25 20:01:53 --> UTF-8 Support Enabled
INFO - 2019-01-25 20:01:53 --> Utf8 Class Initialized
INFO - 2019-01-25 20:01:53 --> URI Class Initialized
INFO - 2019-01-25 20:01:53 --> Router Class Initialized
INFO - 2019-01-25 20:01:53 --> Output Class Initialized
INFO - 2019-01-25 20:01:53 --> Security Class Initialized
DEBUG - 2019-01-25 20:01:53 --> Global POST, GET and COOKIE data sanitized
INFO - 2019-01-25 20:01:53 --> Input Class Initialized
INFO - 2019-01-25 20:01:53 --> Language Class Initialized
ERROR - 2019-01-25 20:01:53 --> 404 Page Not Found: /index
