INFO - 2018-12-18 06:58:05 --> Config Class Initialized
INFO - 2018-12-18 06:58:05 --> Hooks Class Initialized
DEBUG - 2018-12-18 06:58:05 --> UTF-8 Support Enabled
INFO - 2018-12-18 06:58:05 --> Utf8 Class Initialized
INFO - 2018-12-18 06:58:05 --> URI Class Initialized
INFO - 2018-12-18 06:58:05 --> Router Class Initialized
INFO - 2018-12-18 06:58:05 --> Output Class Initialized
INFO - 2018-12-18 06:58:05 --> Security Class Initialized
DEBUG - 2018-12-18 06:58:05 --> Global POST, GET and COOKIE data sanitized
INFO - 2018-12-18 06:58:05 --> Input Class Initialized
INFO - 2018-12-18 06:58:05 --> Language Class Initialized
ERROR - 2018-12-18 06:58:05 --> 404 Page Not Found: /index
INFO - 2018-12-18 07:09:55 --> Config Class Initialized
INFO - 2018-12-18 07:09:55 --> Hooks Class Initialized
DEBUG - 2018-12-18 07:09:55 --> UTF-8 Support Enabled
INFO - 2018-12-18 07:09:55 --> Utf8 Class Initialized
INFO - 2018-12-18 07:09:55 --> URI Class Initialized
INFO - 2018-12-18 07:09:55 --> Router Class Initialized
INFO - 2018-12-18 07:09:55 --> Output Class Initialized
INFO - 2018-12-18 07:09:55 --> Security Class Initialized
DEBUG - 2018-12-18 07:09:55 --> Global POST, GET and COOKIE data sanitized
INFO - 2018-12-18 07:09:55 --> Input Class Initialized
INFO - 2018-12-18 07:09:55 --> Language Class Initialized
ERROR - 2018-12-18 07:09:55 --> 404 Page Not Found: /index
INFO - 2018-12-18 11:07:04 --> Config Class Initialized
INFO - 2018-12-18 11:07:04 --> Hooks Class Initialized
DEBUG - 2018-12-18 11:07:04 --> UTF-8 Support Enabled
INFO - 2018-12-18 11:07:04 --> Utf8 Class Initialized
INFO - 2018-12-18 11:07:04 --> URI Class Initialized
INFO - 2018-12-18 11:07:04 --> Router Class Initialized
INFO - 2018-12-18 11:07:04 --> Output Class Initialized
INFO - 2018-12-18 11:07:04 --> Security Class Initialized
DEBUG - 2018-12-18 11:07:04 --> Global POST, GET and COOKIE data sanitized
INFO - 2018-12-18 11:07:04 --> Input Class Initialized
INFO - 2018-12-18 11:07:04 --> Language Class Initialized
ERROR - 2018-12-18 11:07:04 --> 404 Page Not Found: /index
INFO - 2018-12-18 22:52:52 --> Config Class Initialized
INFO - 2018-12-18 22:52:52 --> Hooks Class Initialized
DEBUG - 2018-12-18 22:52:52 --> UTF-8 Support Enabled
INFO - 2018-12-18 22:52:52 --> Utf8 Class Initialized
INFO - 2018-12-18 22:52:52 --> URI Class Initialized
INFO - 2018-12-18 22:52:52 --> Router Class Initialized
INFO - 2018-12-18 22:52:52 --> Output Class Initialized
INFO - 2018-12-18 22:52:52 --> Security Class Initialized
DEBUG - 2018-12-18 22:52:52 --> Global POST, GET and COOKIE data sanitized
INFO - 2018-12-18 22:52:52 --> Input Class Initialized
INFO - 2018-12-18 22:52:52 --> Language Class Initialized
ERROR - 2018-12-18 22:52:52 --> 404 Page Not Found: /index
