INFO - 2019-01-31 11:28:09 --> Config Class Initialized
INFO - 2019-01-31 11:28:09 --> Hooks Class Initialized
DEBUG - 2019-01-31 11:28:09 --> UTF-8 Support Enabled
INFO - 2019-01-31 11:28:09 --> Utf8 Class Initialized
INFO - 2019-01-31 11:28:09 --> URI Class Initialized
INFO - 2019-01-31 11:28:09 --> Router Class Initialized
INFO - 2019-01-31 11:28:09 --> Output Class Initialized
INFO - 2019-01-31 11:28:09 --> Security Class Initialized
DEBUG - 2019-01-31 11:28:09 --> Global POST, GET and COOKIE data sanitized
INFO - 2019-01-31 11:28:09 --> Input Class Initialized
INFO - 2019-01-31 11:28:09 --> Language Class Initialized
ERROR - 2019-01-31 11:28:09 --> 404 Page Not Found: /index
INFO - 2019-01-31 11:32:52 --> Config Class Initialized
INFO - 2019-01-31 11:32:52 --> Hooks Class Initialized
DEBUG - 2019-01-31 11:32:52 --> UTF-8 Support Enabled
INFO - 2019-01-31 11:32:52 --> Utf8 Class Initialized
INFO - 2019-01-31 11:32:52 --> URI Class Initialized
INFO - 2019-01-31 11:32:52 --> Router Class Initialized
INFO - 2019-01-31 11:32:52 --> Output Class Initialized
INFO - 2019-01-31 11:32:52 --> Security Class Initialized
DEBUG - 2019-01-31 11:32:52 --> Global POST, GET and COOKIE data sanitized
INFO - 2019-01-31 11:32:52 --> Input Class Initialized
INFO - 2019-01-31 11:32:52 --> Language Class Initialized
ERROR - 2019-01-31 11:32:52 --> 404 Page Not Found: /index
INFO - 2019-01-31 21:48:12 --> Config Class Initialized
INFO - 2019-01-31 21:48:12 --> Hooks Class Initialized
DEBUG - 2019-01-31 21:48:12 --> UTF-8 Support Enabled
INFO - 2019-01-31 21:48:12 --> Utf8 Class Initialized
INFO - 2019-01-31 21:48:12 --> URI Class Initialized
INFO - 2019-01-31 21:48:12 --> Router Class Initialized
INFO - 2019-01-31 21:48:12 --> Output Class Initialized
INFO - 2019-01-31 21:48:12 --> Security Class Initialized
DEBUG - 2019-01-31 21:48:12 --> Global POST, GET and COOKIE data sanitized
INFO - 2019-01-31 21:48:12 --> Input Class Initialized
INFO - 2019-01-31 21:48:12 --> Language Class Initialized
ERROR - 2019-01-31 21:48:12 --> 404 Page Not Found: /index
