INFO - 2018-12-21 09:53:22 --> Config Class Initialized
INFO - 2018-12-21 09:53:22 --> Hooks Class Initialized
DEBUG - 2018-12-21 09:53:22 --> UTF-8 Support Enabled
INFO - 2018-12-21 09:53:22 --> Utf8 Class Initialized
INFO - 2018-12-21 09:53:22 --> URI Class Initialized
INFO - 2018-12-21 09:53:22 --> Router Class Initialized
INFO - 2018-12-21 09:53:22 --> Output Class Initialized
INFO - 2018-12-21 09:53:22 --> Security Class Initialized
DEBUG - 2018-12-21 09:53:22 --> Global POST, GET and COOKIE data sanitized
INFO - 2018-12-21 09:53:22 --> Input Class Initialized
INFO - 2018-12-21 09:53:22 --> Language Class Initialized
ERROR - 2018-12-21 09:53:22 --> 404 Page Not Found: /index
INFO - 2018-12-21 13:56:58 --> Config Class Initialized
INFO - 2018-12-21 13:56:58 --> Hooks Class Initialized
DEBUG - 2018-12-21 13:56:58 --> UTF-8 Support Enabled
INFO - 2018-12-21 13:56:58 --> Utf8 Class Initialized
INFO - 2018-12-21 13:56:58 --> URI Class Initialized
INFO - 2018-12-21 13:56:58 --> Router Class Initialized
INFO - 2018-12-21 13:56:58 --> Output Class Initialized
INFO - 2018-12-21 13:56:58 --> Security Class Initialized
DEBUG - 2018-12-21 13:56:58 --> Global POST, GET and COOKIE data sanitized
INFO - 2018-12-21 13:56:58 --> Input Class Initialized
INFO - 2018-12-21 13:56:58 --> Language Class Initialized
ERROR - 2018-12-21 13:56:58 --> 404 Page Not Found: /index
INFO - 2018-12-21 18:54:18 --> Config Class Initialized
INFO - 2018-12-21 18:54:18 --> Hooks Class Initialized
DEBUG - 2018-12-21 18:54:18 --> UTF-8 Support Enabled
INFO - 2018-12-21 18:54:18 --> Utf8 Class Initialized
INFO - 2018-12-21 18:54:18 --> URI Class Initialized
INFO - 2018-12-21 18:54:18 --> Router Class Initialized
INFO - 2018-12-21 18:54:18 --> Output Class Initialized
INFO - 2018-12-21 18:54:18 --> Security Class Initialized
DEBUG - 2018-12-21 18:54:18 --> Global POST, GET and COOKIE data sanitized
INFO - 2018-12-21 18:54:18 --> Input Class Initialized
INFO - 2018-12-21 18:54:18 --> Language Class Initialized
ERROR - 2018-12-21 18:54:18 --> 404 Page Not Found: /index
